<?xml version="1.0" encoding="UTF-8"?>
<!-- Generated by org.testng.reporters.JUnitReportReporter -->
<testsuite hostname="IBM781-PC0DPPRH" name="com.ibm.mySA_IA.testScripts.TC_113158_001_VerifyAddedNewBP4Incentive" tests="1" failures="0" timestamp="24 Aug 2017 09:48:04 GMT" time="48.183" errors="0">
  <testcase name="testVerifyAddedNewBp" time="48.183" classname="com.ibm.mySA_IA.testScripts.TC_113158_001_VerifyAddedNewBP4Incentive"/>
</testsuite> <!-- com.ibm.mySA_IA.testScripts.TC_113158_001_VerifyAddedNewBP4Incentive -->
