<?xml version="1.0" encoding="UTF-8"?>
<!-- Generated by org.testng.reporters.JUnitReportReporter -->
<testsuite hostname="IBM781-PC0DPPRH" name="com.ibm.mySA_IA.testScripts.TC005_TestUpdateIncentive" tests="1" failures="0" timestamp="22 Aug 2017 06:27:41 GMT" time="6.992" errors="0">
  <testcase name="verifyOverview" time="6.992" classname="com.ibm.mySA_IA.testScripts.TC005_TestUpdateIncentive"/>
</testsuite> <!-- com.ibm.mySA_IA.testScripts.TC005_TestUpdateIncentive -->
