<?xml version="1.0" encoding="UTF-8"?>
<!-- Generated by org.testng.reporters.JUnitReportReporter -->
<testsuite hostname="IBM781-PC0DPPRH" name="com.ibm.mySA_IA.testScripts.TC003_VerifyOverview" tests="1" failures="0" timestamp="28 Jul 2017 06:31:35 GMT" time="3.362" errors="0">
  <testcase name="verifyOverview" time="3.362" classname="com.ibm.mySA_IA.testScripts.TC003_VerifyOverview"/>
</testsuite> <!-- com.ibm.mySA_IA.testScripts.TC003_VerifyOverview -->
