<?xml version="1.0" encoding="UTF-8"?>
<!-- Generated by org.testng.reporters.JUnitReportReporter -->
<testsuite hostname="IBM781-PC0DPPRH" name="com.ibm.mySA_IA.testScripts.TC006_VerifyUpdatedIncentiveInList" tests="1" failures="0" timestamp="22 Aug 2017 06:32:05 GMT" time="12.038" errors="0">
  <testcase name="verifyUpdatedIncentive" time="12.038" classname="com.ibm.mySA_IA.testScripts.TC006_VerifyUpdatedIncentiveInList"/>
</testsuite> <!-- com.ibm.mySA_IA.testScripts.TC006_VerifyUpdatedIncentiveInList -->
