<?xml version="1.0" encoding="UTF-8"?>
<!-- Generated by org.testng.reporters.JUnitReportReporter -->
<testsuite hostname="IBM781-PC0DPPRH" name="com.ibm.mySA_IA.testScripts.TC_99576_005_VerifySearchInMembershipTab" tests="1" failures="0" timestamp="24 Aug 2017 06:18:05 GMT" time="15.653" errors="0">
  <testcase name="testVerifyAddedNewBp" time="15.653" classname="com.ibm.mySA_IA.testScripts.TC_99576_005_VerifySearchInMembershipTab"/>
</testsuite> <!-- com.ibm.mySA_IA.testScripts.TC_99576_005_VerifySearchInMembershipTab -->
