<?xml version="1.0" encoding="UTF-8"?>
<!-- Generated by org.testng.reporters.JUnitReportReporter -->
<testsuite hostname="IBM781-PC0DPPRH" name="com.ibm.mySA_IA.testScripts.TC018_AddNewApprover" tests="1" failures="0" timestamp="8 Aug 2017 06:42:18 GMT" time="58.765" errors="0">
  <testcase name="testAddNewApprover" time="58.765" classname="com.ibm.mySA_IA.testScripts.TC018_AddNewApprover"/>
</testsuite> <!-- com.ibm.mySA_IA.testScripts.TC018_AddNewApprover -->
