<?xml version="1.0" encoding="UTF-8"?>
<!-- Generated by org.testng.reporters.JUnitReportReporter -->
<testsuite hostname="IBM781-PC0DPPRH" name="com.ibm.mySA_IA.testScripts.TC007_VerifyOverviewinUpdatedIncentive" tests="1" failures="0" timestamp="22 Aug 2017 06:33:43 GMT" time="9.869" errors="0">
  <testcase name="verifyOverview" time="9.869" classname="com.ibm.mySA_IA.testScripts.TC007_VerifyOverviewinUpdatedIncentive"/>
</testsuite> <!-- com.ibm.mySA_IA.testScripts.TC007_VerifyOverviewinUpdatedIncentive -->
