<?xml version="1.0" encoding="UTF-8"?>
<!-- Generated by org.testng.reporters.JUnitReportReporter -->
<testsuite hostname="IBM781-PC0DPPRH" name="com.ibm.mySA_IA.testScripts.TC009_VerifySolution" tests="1" failures="0" timestamp="7 Aug 2017 10:08:00 GMT" time="9.436" errors="0">
  <testcase name="testverifyAddedSolution" time="9.436" classname="com.ibm.mySA_IA.testScripts.TC009_VerifySolution"/>
</testsuite> <!-- com.ibm.mySA_IA.testScripts.TC009_VerifySolution -->
