<?xml version="1.0" encoding="UTF-8"?>
<!-- Generated by org.testng.reporters.JUnitReportReporter -->
<testsuite hostname="IBM781-PC0DPPRH" name="com.ibm.mySA_IA.testScripts.TC003_VerifyNewIncentive" tests="1" failures="0" timestamp="7 Aug 2017 09:50:09 GMT" time="4.476" errors="0">
  <testcase name="testVerifyIncentive" time="4.476" classname="com.ibm.mySA_IA.testScripts.TC003_VerifyNewIncentive"/>
</testsuite> <!-- com.ibm.mySA_IA.testScripts.TC003_VerifyNewIncentive -->
