<?xml version="1.0" encoding="UTF-8"?>
<!-- Generated by org.testng.reporters.JUnitReportReporter -->
<testsuite hostname="IBM781-PC0DPPRH" name="com.ibm.mySA_IA.testScripts.TC_99455_001_TestCreateIncentive" tests="1" failures="0" timestamp="24 Aug 2017 06:53:45 GMT" time="11.019" errors="0">
  <testcase name="testCreateIncentive" time="11.019" classname="com.ibm.mySA_IA.testScripts.TC_99455_001_TestCreateIncentive"/>
</testsuite> <!-- com.ibm.mySA_IA.testScripts.TC_99455_001_TestCreateIncentive -->
