<?xml version="1.0" encoding="UTF-8"?>
<!-- Generated by org.testng.reporters.JUnitReportReporter -->
<testsuite hostname="IBM781-PC0DPPRH" name="com.ibm.mySA_IA.testScripts.TC016_VerifySolution" tests="1" failures="0" timestamp="7 Aug 2017 10:08:00 GMT" time="7.554" errors="0">
  <testcase name="testVerifyNewSoln" time="7.554" classname="com.ibm.mySA_IA.testScripts.TC016_VerifySolution"/>
</testsuite> <!-- com.ibm.mySA_IA.testScripts.TC016_VerifySolution -->
