<?xml version="1.0" encoding="UTF-8"?>
<!-- Generated by org.testng.reporters.JUnitReportReporter -->
<testsuite hostname="IBM781-PC0DPPRH" name="com.ibm.mySA_IA.testScripts.TC015_AddNewSolution" tests="1" failures="0" timestamp="18 Aug 2017 11:38:47 GMT" time="31.944" errors="0">
  <testcase name="testAddNewSolution" time="31.944" classname="com.ibm.mySA_IA.testScripts.TC015_AddNewSolution"/>
</testsuite> <!-- com.ibm.mySA_IA.testScripts.TC015_AddNewSolution -->
