<?xml version="1.0" encoding="UTF-8"?>
<!-- Generated by org.testng.reporters.JUnitReportReporter -->
<testsuite hostname="IBM781-PC0DPPRH" name="com.ibm.mySA_IA.testScripts.TC019_VerifyNewApprover" tests="1" failures="0" timestamp="8 Aug 2017 06:42:18 GMT" time="7.863" errors="0">
  <testcase name="testVerifyNewApprover" time="7.863" classname="com.ibm.mySA_IA.testScripts.TC019_VerifyNewApprover"/>
</testsuite> <!-- com.ibm.mySA_IA.testScripts.TC019_VerifyNewApprover -->
