<?xml version="1.0" encoding="UTF-8"?>
<!-- Generated by org.testng.reporters.JUnitReportReporter -->
<testsuite hostname="IBM781-PC0DPPRH" name="com.ibm.mySA_IA.testScripts.TC_99455_002_VerifyNewIncentive" tests="1" failures="0" timestamp="23 Aug 2017 06:18:58 GMT" time="0.100" errors="0">
  <testcase name="testVerifyIncentive" time="0.100" classname="com.ibm.mySA_IA.testScripts.TC_99455_002_VerifyNewIncentive"/>
</testsuite> <!-- com.ibm.mySA_IA.testScripts.TC_99455_002_VerifyNewIncentive -->
