<?xml version="1.0" encoding="UTF-8"?>
<!-- Generated by org.testng.reporters.JUnitReportReporter -->
<testsuite hostname="IBM781-PC0DPPRH" name="com.ibm.mySA_IA.testScripts.TC002_TestCreateIncentive" tests="1" failures="0" timestamp="11 Aug 2017 07:37:31 GMT" time="8.770" errors="0">
  <testcase name="testCreateIncentive" time="8.770" classname="com.ibm.mySA_IA.testScripts.TC002_TestCreateIncentive"/>
</testsuite> <!-- com.ibm.mySA_IA.testScripts.TC002_TestCreateIncentive -->
