<?xml version="1.0" encoding="UTF-8"?>
<!-- Generated by org.testng.reporters.JUnitReportReporter -->
<testsuite hostname="IBM781-PC0DPPRH" name="com.ibm.mySA_IA.testScripts.TC004_VerifyOverview" tests="1" failures="0" timestamp="22 Aug 2017 06:23:53 GMT" time="1.994" errors="0">
  <testcase name="verifyOverview" time="1.994" classname="com.ibm.mySA_IA.testScripts.TC004_VerifyOverview"/>
</testsuite> <!-- com.ibm.mySA_IA.testScripts.TC004_VerifyOverview -->
