<?xml version="1.0" encoding="UTF-8"?>
<!-- Generated by org.testng.reporters.JUnitReportReporter -->
<testsuite hostname="IBM781-PC0DPPRH" name="com.ibm.mySA_IA.testScripts.TC001_TestLogin" tests="1" failures="0" timestamp="23 Aug 2017 14:26:13 GMT" time="37.394" errors="0">
  <testcase name="testLogin" time="37.394" classname="com.ibm.mySA_IA.testScripts.TC001_TestLogin"/>
</testsuite> <!-- com.ibm.mySA_IA.testScripts.TC001_TestLogin -->
