<?xml version="1.0" encoding="UTF-8"?>
<!-- Generated by org.testng.reporters.JUnitReportReporter -->
<testsuite hostname="IBM781-PC0DPPRH" name="com.ibm.mySA_IA.testScripts.TC017_VerifySolIncentive" tests="1" failures="0" timestamp="11 Aug 2017 11:37:38 GMT" time="155.406" errors="0">
  <testcase name="testVerifySolutionIncentive" time="155.406" classname="com.ibm.mySA_IA.testScripts.TC017_VerifySolIncentive"/>
</testsuite> <!-- com.ibm.mySA_IA.testScripts.TC017_VerifySolIncentive -->
