<?xml version="1.0" encoding="UTF-8"?>
<!-- Generated by org.testng.reporters.JUnitReportReporter -->
<testsuite hostname="IBM781-PC0DPPRH" name="com.ibm.mySA_IA.testScripts.TC020_VerifyCreatedIncentive" tests="1" failures="0" timestamp="11 Aug 2017 10:57:00 GMT" time="33.917" errors="0">
  <testcase name="testVerifyCreatedIncentive" time="33.917" classname="com.ibm.mySA_IA.testScripts.TC020_VerifyCreatedIncentive"/>
</testsuite> <!-- com.ibm.mySA_IA.testScripts.TC020_VerifyCreatedIncentive -->
