<?xml version="1.0" encoding="UTF-8"?>
<!-- Generated by org.testng.reporters.JUnitReportReporter -->
<testsuite hostname="IBM781-PC0DPPRH" name="com.ibm.mySA_IA.testScripts.TC_99471_002_VerifyUpdatedIncentiveInList" tests="1" failures="0" timestamp="23 Aug 2017 06:18:58 GMT" time="22.769" errors="0">
  <testcase name="verifyUpdatedIncentive" time="22.769" classname="com.ibm.mySA_IA.testScripts.TC_99471_002_VerifyUpdatedIncentiveInList"/>
</testsuite> <!-- com.ibm.mySA_IA.testScripts.TC_99471_002_VerifyUpdatedIncentiveInList -->
