<?xml version="1.0" encoding="UTF-8"?>
<!-- Generated by org.testng.reporters.JUnitReportReporter -->
<testsuite hostname="IBM781-PC0DPPRH" name="com.ibm.mySA_IA.testScripts.TC_113158_01_VerifyAddedNewBP4Incentive" tests="1" failures="0" timestamp="21 Aug 2017 11:48:26 GMT" time="37.895" errors="0">
  <testcase name="testVerifyAddedNewBp" time="37.895" classname="com.ibm.mySA_IA.testScripts.TC_113158_01_VerifyAddedNewBP4Incentive"/>
</testsuite> <!-- com.ibm.mySA_IA.testScripts.TC_113158_01_VerifyAddedNewBP4Incentive -->
