<?xml version="1.0" encoding="UTF-8"?>
<!-- Generated by org.testng.reporters.JUnitReportReporter -->
<testsuite hostname="IBM781-PC0DPPRH" name="com.ibm.mySA_IA.testScripts.TC_99455_003_VerifyOverview" tests="1" failures="0" timestamp="23 Aug 2017 06:23:05 GMT" time="13.134" errors="0">
  <testcase name="verifyOverview" time="13.134" classname="com.ibm.mySA_IA.testScripts.TC_99455_003_VerifyOverview"/>
</testsuite> <!-- com.ibm.mySA_IA.testScripts.TC_99455_003_VerifyOverview -->
